<?xml version="1.0" encoding="UTF-8"?>
<!-- Generated by org.testng.reporters.JUnitReportReporter -->
<testsuite hostname="LAPTOP-GPFAO22A" failures="0" tests="1" name="com.jenkins.framework.practiceJenkins2Test" time="0.007" errors="0" timestamp="2022-12-21T10:32:50 IST" skipped="0">
  <testcase classname="com.jenkins.framework.practiceJenkins2Test" name="test2Test" time="0.007"/>
  <system-out/>
</testsuite> <!-- com.jenkins.framework.practiceJenkins2Test -->
